nohup: ignoring input
J = 0.0
After sweep 1 energy=-24.4912598060914  maxlinkdim=10 maxerr=1.71E-03 time=0.286
After sweep 2 energy=-26.94595878295319  maxlinkdim=20 maxerr=1.64E-03 time=0.255
After sweep 3 energy=-27.52902058695569  maxlinkdim=40 maxerr=5.63E-04 time=0.391
After sweep 4 energy=-27.609796020446968  maxlinkdim=75 maxerr=2.45E-04 time=0.566
After sweep 5 energy=-27.649830049632705  maxlinkdim=100 maxerr=3.15E-04 time=0.729
After sweep 6 energy=-27.692429131459058  maxlinkdim=150 maxerr=2.43E-04 time=1.040
After sweep 7 energy=-27.72255607896259  maxlinkdim=200 maxerr=1.88E-04 time=1.438
After sweep 8 energy=-27.738764257339042  maxlinkdim=250 maxerr=1.11E-04 time=1.848
After sweep 9 energy=-27.748862999496595  maxlinkdim=300 maxerr=6.95E-05 time=2.349
After sweep 10 energy=-27.75636836763084  maxlinkdim=350 maxerr=4.22E-05 time=2.854
After sweep 11 energy=-27.761534915553742  maxlinkdim=400 maxerr=2.39E-05 time=4.176
After sweep 12 energy=-27.764756432325918  maxlinkdim=500 maxerr=9.24E-06 time=5.480
After sweep 13 energy=-27.76650923785912  maxlinkdim=600 maxerr=4.08E-06 time=7.562
After sweep 14 energy=-27.76747515196383  maxlinkdim=700 maxerr=1.96E-06 time=11.504
After sweep 15 energy=-27.768013145926094  maxlinkdim=800 maxerr=9.95E-07 time=12.588
After sweep 16 energy=-27.76831487695482  maxlinkdim=900 maxerr=5.26E-07 time=16.909
After sweep 17 energy=-27.768481549407255  maxlinkdim=1000 maxerr=2.89E-07 time=22.783
After sweep 18 energy=-27.768567320405975  maxlinkdim=1100 maxerr=1.65E-07 time=29.211
After sweep 19 energy=-27.768616883798067  maxlinkdim=1200 maxerr=1.02E-07 time=33.584
After sweep 20 energy=-27.768646459906222  maxlinkdim=1300 maxerr=6.47E-08 time=41.086
After sweep 21 energy=-27.768663978363566  maxlinkdim=1400 maxerr=4.21E-08 time=50.496
After sweep 22 energy=-27.768674408307696  maxlinkdim=1500 maxerr=2.80E-08 time=55.840
After sweep 23 energy=-27.76868058040109  maxlinkdim=1600 maxerr=1.86E-08 time=58.621
After sweep 24 energy=-27.7686841936105  maxlinkdim=1700 maxerr=1.27E-08 time=67.059
After sweep 25 energy=-27.76868634087348  maxlinkdim=1800 maxerr=8.80E-09 time=74.134
After sweep 26 energy=-27.76868761859732  maxlinkdim=1900 maxerr=6.15E-09 time=83.914
After sweep 27 energy=-27.768688373805666  maxlinkdim=2000 maxerr=4.41E-09 time=97.495
After sweep 28 energy=-27.768688807394668  maxlinkdim=2000 maxerr=4.24E-09 time=97.434
After sweep 29 energy=-27.76868913635917  maxlinkdim=2000 maxerr=4.31E-09 time=94.846
After sweep 30 energy=-27.768689295447697  maxlinkdim=2000 maxerr=4.21E-09 time=94.683
J = 1.0
After sweep 1 energy=-24.61696630437271  maxlinkdim=10 maxerr=1.37E-02 time=56.060
After sweep 2 energy=-28.5224783348213  maxlinkdim=20 maxerr=4.73E-03 time=12.757
After sweep 3 energy=-29.723236925537407  maxlinkdim=40 maxerr=2.79E-03 time=4.620
After sweep 4 energy=-30.224516698753085  maxlinkdim=75 maxerr=1.13E-03 time=5.891
After sweep 5 energy=-30.54443931042589  maxlinkdim=100 maxerr=1.37E-03 time=6.430
After sweep 6 energy=-30.87289722955817  maxlinkdim=150 maxerr=7.17E-04 time=7.442
After sweep 7 energy=-30.96315307926672  maxlinkdim=200 maxerr=5.60E-04 time=8.831
After sweep 8 energy=-30.997064288298848  maxlinkdim=250 maxerr=4.43E-04 time=10.069
After sweep 9 energy=-31.014564011451647  maxlinkdim=300 maxerr=4.03E-04 time=11.403
After sweep 10 energy=-31.023260113435455  maxlinkdim=350 maxerr=3.00E-04 time=11.382
After sweep 11 energy=-31.027881814370474  maxlinkdim=400 maxerr=2.40E-04 time=12.718
After sweep 12 energy=-31.033149644533808  maxlinkdim=500 maxerr=1.67E-04 time=15.400
After sweep 13 energy=-31.035955628387917  maxlinkdim=600 maxerr=1.12E-04 time=19.083
After sweep 14 energy=-31.037676997826452  maxlinkdim=700 maxerr=7.23E-05 time=20.598
After sweep 15 energy=-31.038764824348682  maxlinkdim=800 maxerr=4.67E-05 time=27.262
After sweep 16 energy=-31.039384944822125  maxlinkdim=900 maxerr=3.32E-05 time=39.284
After sweep 17 energy=-31.039764488371468  maxlinkdim=1000 maxerr=2.48E-05 time=53.906
After sweep 18 energy=-31.040017535237656  maxlinkdim=1100 maxerr=1.96E-05 time=50.828
After sweep 19 energy=-31.040186673609654  maxlinkdim=1200 maxerr=1.55E-05 time=54.723
After sweep 20 energy=-31.040310009147838  maxlinkdim=1300 maxerr=1.21E-05 time=63.116
After sweep 21 energy=-31.040399344112263  maxlinkdim=1400 maxerr=9.56E-06 time=62.109
After sweep 22 energy=-31.040462317302666  maxlinkdim=1500 maxerr=7.77E-06 time=69.432
After sweep 23 energy=-31.040511387778402  maxlinkdim=1600 maxerr=6.34E-06 time=74.963
After sweep 24 energy=-31.04054789166235  maxlinkdim=1700 maxerr=5.31E-06 time=79.169
After sweep 25 energy=-31.040577318826415  maxlinkdim=1800 maxerr=4.41E-06 time=83.638
After sweep 26 energy=-31.040599334794177  maxlinkdim=1900 maxerr=3.69E-06 time=91.753
After sweep 27 energy=-31.04061729167637  maxlinkdim=2000 maxerr=3.04E-06 time=96.164
After sweep 28 energy=-31.040617473773175  maxlinkdim=2000 maxerr=3.05E-06 time=102.646
After sweep 29 energy=-31.040617468158242  maxlinkdim=2000 maxerr=3.06E-06 time=99.077
After sweep 30 energy=-31.04061748364667  maxlinkdim=2000 maxerr=3.06E-06 time=97.971
Finished calculating correlation func. Starting to calculate spingap
After sweep 1 energy=-23.684731585393987  maxlinkdim=10 maxerr=2.26E-02 time=4.556
After sweep 2 energy=-28.726887426449522  maxlinkdim=20 maxerr=7.83E-03 time=7.640
After sweep 3 energy=-29.980760386977956  maxlinkdim=40 maxerr=1.86E-03 time=7.886
After sweep 4 energy=-30.41666929017484  maxlinkdim=75 maxerr=1.53E-03 time=7.253
After sweep 5 energy=-30.650126839097183  maxlinkdim=100 maxerr=1.38E-03 time=8.463
After sweep 6 energy=-30.760250023283856  maxlinkdim=150 maxerr=6.81E-04 time=10.355
After sweep 7 energy=-30.812940456020506  maxlinkdim=200 maxerr=4.82E-04 time=14.822
After sweep 8 energy=-30.841118920563304  maxlinkdim=250 maxerr=3.67E-04 time=12.697
After sweep 9 energy=-30.855794064235297  maxlinkdim=300 maxerr=2.90E-04 time=13.607
After sweep 10 energy=-30.863148248587514  maxlinkdim=350 maxerr=2.14E-04 time=16.595
After sweep 11 energy=-30.867344934984626  maxlinkdim=400 maxerr=1.57E-04 time=15.170
After sweep 12 energy=-30.871578755665006  maxlinkdim=500 maxerr=1.03E-04 time=19.419
After sweep 13 energy=-30.87371496908093  maxlinkdim=600 maxerr=6.94E-05 time=18.902
After sweep 14 energy=-30.874905727882773  maxlinkdim=700 maxerr=4.92E-05 time=23.126
After sweep 15 energy=-30.875639635621692  maxlinkdim=800 maxerr=3.44E-05 time=32.455
After sweep 16 energy=-30.87611861877648  maxlinkdim=900 maxerr=2.53E-05 time=29.561
After sweep 17 energy=-30.876438503969833  maxlinkdim=1000 maxerr=1.91E-05 time=34.614
After sweep 18 energy=-30.876667145136047  maxlinkdim=1100 maxerr=1.43E-05 time=38.676
After sweep 19 energy=-30.876834820867906  maxlinkdim=1200 maxerr=1.11E-05 time=42.612
After sweep 20 energy=-30.87696480380277  maxlinkdim=1300 maxerr=8.68E-06 time=46.049
After sweep 21 energy=-30.877069713897775  maxlinkdim=1400 maxerr=6.86E-06 time=56.783
After sweep 22 energy=-30.87715774097999  maxlinkdim=1500 maxerr=5.54E-06 time=58.609
After sweep 23 energy=-30.877234448547988  maxlinkdim=1600 maxerr=4.49E-06 time=67.581
After sweep 24 energy=-30.87730226278709  maxlinkdim=1700 maxerr=3.68E-06 time=73.215
After sweep 25 energy=-30.877363030010535  maxlinkdim=1800 maxerr=3.05E-06 time=83.216
After sweep 26 energy=-30.87741817117471  maxlinkdim=1900 maxerr=2.54E-06 time=95.205
After sweep 27 energy=-30.87746888825509  maxlinkdim=2000 maxerr=2.12E-06 time=104.795
After sweep 28 energy=-30.877504942381787  maxlinkdim=2000 maxerr=2.15E-06 time=106.318
After sweep 29 energy=-30.877539059804803  maxlinkdim=2000 maxerr=2.16E-06 time=101.996
After sweep 30 energy=-30.87757200445173  maxlinkdim=2000 maxerr=2.17E-06 time=100.836
J = 1.8
After sweep 1 energy=-24.384364943044368  maxlinkdim=10 maxerr=5.03E-03 time=64.625
After sweep 2 energy=-27.0437346660988  maxlinkdim=20 maxerr=4.23E-03 time=16.724
After sweep 3 energy=-30.37015494695113  maxlinkdim=40 maxerr=2.63E-03 time=7.770
After sweep 4 energy=-32.61143975913547  maxlinkdim=75 maxerr=6.69E-04 time=9.732
After sweep 5 energy=-33.19557998559162  maxlinkdim=100 maxerr=1.98E-03 time=10.581
After sweep 6 energy=-33.748581547272664  maxlinkdim=150 maxerr=1.54E-03 time=12.374
After sweep 7 energy=-34.016301893562954  maxlinkdim=200 maxerr=5.26E-04 time=14.103
After sweep 8 energy=-34.08581269605583  maxlinkdim=250 maxerr=3.02E-04 time=16.418
After sweep 9 energy=-34.105765007122706  maxlinkdim=300 maxerr=2.39E-04 time=18.149
After sweep 10 energy=-34.112446243475915  maxlinkdim=350 maxerr=2.08E-04 time=20.524
After sweep 11 energy=-34.11577034067862  maxlinkdim=400 maxerr=1.56E-04 time=23.029
After sweep 12 energy=-34.119308061932166  maxlinkdim=500 maxerr=1.24E-04 time=25.847
After sweep 13 energy=-34.12116061537738  maxlinkdim=600 maxerr=8.81E-05 time=32.780
After sweep 14 energy=-34.12237226000684  maxlinkdim=700 maxerr=5.75E-05 time=37.737
After sweep 15 energy=-34.12313945364365  maxlinkdim=800 maxerr=3.65E-05 time=42.071
After sweep 16 energy=-34.12361331646674  maxlinkdim=900 maxerr=2.40E-05 time=52.108
After sweep 17 energy=-34.12389916541997  maxlinkdim=1000 maxerr=1.71E-05 time=40.452
After sweep 18 energy=-34.12408775007227  maxlinkdim=1100 maxerr=1.28E-05 time=35.805
After sweep 19 energy=-34.12421210226832  maxlinkdim=1200 maxerr=1.01E-05 time=72.087
After sweep 20 energy=-34.12429779265584  maxlinkdim=1300 maxerr=8.15E-06 time=81.924
After sweep 21 energy=-34.12435819006554  maxlinkdim=1400 maxerr=6.48E-06 time=91.373
After sweep 22 energy=-34.12440201479305  maxlinkdim=1500 maxerr=5.27E-06 time=102.799
After sweep 23 energy=-34.12443404743133  maxlinkdim=1600 maxerr=4.31E-06 time=101.857
After sweep 24 energy=-34.124459486108115  maxlinkdim=1700 maxerr=3.55E-06 time=126.283
After sweep 25 energy=-34.12447911717711  maxlinkdim=1800 maxerr=2.92E-06 time=143.144
After sweep 26 energy=-34.12449456337042  maxlinkdim=1900 maxerr=2.43E-06 time=151.747
After sweep 27 energy=-34.124506999044996  maxlinkdim=2000 maxerr=1.99E-06 time=153.661
After sweep 28 energy=-34.124507086033276  maxlinkdim=2000 maxerr=2.00E-06 time=137.312
After sweep 29 energy=-34.12450708701296  maxlinkdim=2000 maxerr=2.00E-06 time=98.692
After sweep 30 energy=-34.12450708700913  maxlinkdim=2000 maxerr=2.00E-06 time=98.442
Finished calculating correlation func. Starting to calculate spingap
After sweep 1 energy=-24.113993588188038  maxlinkdim=10 maxerr=5.67E-03 time=2.648
After sweep 2 energy=-27.510878113603784  maxlinkdim=20 maxerr=7.37E-03 time=3.231
After sweep 3 energy=-30.503993154590614  maxlinkdim=40 maxerr=1.59E-03 time=4.462
After sweep 4 energy=-31.458136395959357  maxlinkdim=75 maxerr=2.24E-03 time=5.389
After sweep 5 energy=-32.9288646720187  maxlinkdim=100 maxerr=7.44E-04 time=6.266
After sweep 6 energy=-33.365037028239314  maxlinkdim=150 maxerr=6.37E-04 time=7.383
After sweep 7 energy=-33.6481518658158  maxlinkdim=200 maxerr=8.35E-04 time=7.672
After sweep 8 energy=-33.805044812765004  maxlinkdim=250 maxerr=3.78E-04 time=8.566
After sweep 9 energy=-33.83350371747445  maxlinkdim=300 maxerr=2.51E-04 time=9.540
After sweep 10 energy=-33.84406264726474  maxlinkdim=350 maxerr=1.85E-04 time=10.573
After sweep 11 energy=-33.84990078257802  maxlinkdim=400 maxerr=1.39E-04 time=12.208
After sweep 12 energy=-33.854796201220495  maxlinkdim=500 maxerr=7.85E-05 time=13.614
After sweep 13 energy=-33.85710243435429  maxlinkdim=600 maxerr=4.84E-05 time=15.147
After sweep 14 energy=-33.858271839797794  maxlinkdim=700 maxerr=3.15E-05 time=17.948
After sweep 15 energy=-33.858917329509715  maxlinkdim=800 maxerr=2.22E-05 time=20.120
After sweep 16 energy=-33.85929095446653  maxlinkdim=900 maxerr=1.61E-05 time=23.658
After sweep 17 energy=-33.859519125544466  maxlinkdim=1000 maxerr=1.24E-05 time=30.546
After sweep 18 energy=-33.85966309565883  maxlinkdim=1100 maxerr=9.68E-06 time=33.269
After sweep 19 energy=-33.8597570627044  maxlinkdim=1200 maxerr=7.62E-06 time=41.641
After sweep 20 energy=-33.8598226826495  maxlinkdim=1300 maxerr=6.04E-06 time=72.648
After sweep 21 energy=-33.85986934993137  maxlinkdim=1400 maxerr=4.79E-06 time=88.442
After sweep 22 energy=-33.85990320055549  maxlinkdim=1500 maxerr=3.81E-06 time=99.266
After sweep 23 energy=-33.85992796391489  maxlinkdim=1600 maxerr=3.06E-06 time=110.283
After sweep 24 energy=-33.859946691211206  maxlinkdim=1700 maxerr=2.47E-06 time=122.573
After sweep 25 energy=-33.85996072157901  maxlinkdim=1800 maxerr=2.01E-06 time=135.282
After sweep 26 energy=-33.859971585286424  maxlinkdim=1900 maxerr=1.64E-06 time=143.434
After sweep 27 energy=-33.85998010865191  maxlinkdim=2000 maxerr=1.36E-06 time=158.474
After sweep 28 energy=-33.85998017601285  maxlinkdim=2000 maxerr=1.36E-06 time=152.032
After sweep 29 energy=-33.8599801857299  maxlinkdim=2000 maxerr=1.36E-06 time=158.791
After sweep 30 energy=-33.859980188581254  maxlinkdim=2000 maxerr=1.37E-06 time=166.422
J = 1.9
After sweep 1 energy=-28.108383198197142  maxlinkdim=10 maxerr=1.01E-02 time=6.280
After sweep 2 energy=-31.739584600308305  maxlinkdim=20 maxerr=3.83E-03 time=9.084
After sweep 3 energy=-32.88750349497962  maxlinkdim=40 maxerr=1.69E-03 time=5.050
After sweep 4 energy=-33.54017359294317  maxlinkdim=75 maxerr=1.16E-03 time=6.036
After sweep 5 energy=-34.010305971256884  maxlinkdim=100 maxerr=2.59E-03 time=5.888
After sweep 6 energy=-34.370487719042416  maxlinkdim=150 maxerr=5.19E-04 time=7.013
After sweep 7 energy=-34.48199124141405  maxlinkdim=200 maxerr=4.74E-04 time=7.751
After sweep 8 energy=-34.52640870014365  maxlinkdim=250 maxerr=3.36E-04 time=8.277
After sweep 9 energy=-34.54231955164102  maxlinkdim=300 maxerr=2.81E-04 time=8.889
After sweep 10 energy=-34.54866984294318  maxlinkdim=350 maxerr=2.19E-04 time=9.963
After sweep 11 energy=-34.55193522849785  maxlinkdim=400 maxerr=1.62E-04 time=11.534
After sweep 12 energy=-34.555533325617446  maxlinkdim=500 maxerr=1.28E-04 time=13.203
After sweep 13 energy=-34.55743134809164  maxlinkdim=600 maxerr=9.26E-05 time=14.451
After sweep 14 energy=-34.55865183025462  maxlinkdim=700 maxerr=6.07E-05 time=26.500
After sweep 15 energy=-34.559448845690696  maxlinkdim=800 maxerr=3.82E-05 time=35.639
After sweep 16 energy=-34.559946484459516  maxlinkdim=900 maxerr=2.52E-05 time=44.296
After sweep 17 energy=-34.56024279932751  maxlinkdim=1000 maxerr=1.81E-05 time=45.281
After sweep 18 energy=-34.560441672436525  maxlinkdim=1100 maxerr=1.35E-05 time=54.825
After sweep 19 energy=-34.56057416098155  maxlinkdim=1200 maxerr=1.06E-05 time=69.774
After sweep 20 energy=-34.56066551806509  maxlinkdim=1300 maxerr=8.62E-06 time=89.339
After sweep 21 energy=-34.56072843354169  maxlinkdim=1400 maxerr=6.81E-06 time=88.154
After sweep 22 energy=-34.56077462344771  maxlinkdim=1500 maxerr=5.55E-06 time=95.736
After sweep 23 energy=-34.560809302311185  maxlinkdim=1600 maxerr=4.54E-06 time=100.925
After sweep 24 energy=-34.56083553029126  maxlinkdim=1700 maxerr=3.74E-06 time=117.016
After sweep 25 energy=-34.560855841172035  maxlinkdim=1800 maxerr=3.07E-06 time=133.200
After sweep 26 energy=-34.560871645810586  maxlinkdim=1900 maxerr=2.58E-06 time=149.295
After sweep 27 energy=-34.56088489218577  maxlinkdim=2000 maxerr=2.11E-06 time=163.797
After sweep 28 energy=-34.56088494431227  maxlinkdim=2000 maxerr=2.12E-06 time=169.531
After sweep 29 energy=-34.56088497254552  maxlinkdim=2000 maxerr=2.12E-06 time=153.925
After sweep 30 energy=-34.56088497281941  maxlinkdim=2000 maxerr=2.12E-06 time=125.262
Finished calculating correlation func. Starting to calculate spingap
After sweep 1 energy=-27.914165446116705  maxlinkdim=10 maxerr=9.92E-03 time=2.732
After sweep 2 energy=-31.850204286997297  maxlinkdim=20 maxerr=5.08E-03 time=3.579
After sweep 3 energy=-33.00163993508387  maxlinkdim=40 maxerr=2.05E-03 time=5.038
After sweep 4 energy=-33.712712630008966  maxlinkdim=75 maxerr=1.44E-03 time=5.981
After sweep 5 energy=-33.99312405232786  maxlinkdim=100 maxerr=9.28E-04 time=5.867
After sweep 6 energy=-34.13671722045041  maxlinkdim=150 maxerr=8.05E-04 time=6.773
After sweep 7 energy=-34.208634606117315  maxlinkdim=200 maxerr=4.60E-04 time=7.851
After sweep 8 energy=-34.24943665812974  maxlinkdim=250 maxerr=3.30E-04 time=7.857
After sweep 9 energy=-34.264771529693235  maxlinkdim=300 maxerr=2.20E-04 time=8.997
After sweep 10 energy=-34.27096111586812  maxlinkdim=350 maxerr=1.69E-04 time=9.920
After sweep 11 energy=-34.2745081812715  maxlinkdim=400 maxerr=1.38E-04 time=10.938
After sweep 12 energy=-34.27810923441245  maxlinkdim=500 maxerr=8.04E-05 time=12.358
After sweep 13 energy=-34.27973807261915  maxlinkdim=600 maxerr=5.03E-05 time=13.388
After sweep 14 energy=-34.280582017560825  maxlinkdim=700 maxerr=3.38E-05 time=17.843
After sweep 15 energy=-34.28108834511653  maxlinkdim=800 maxerr=2.39E-05 time=21.629
After sweep 16 energy=-34.28140368875851  maxlinkdim=900 maxerr=1.78E-05 time=25.086
After sweep 17 energy=-34.281609794417015  maxlinkdim=1000 maxerr=1.36E-05 time=34.055
After sweep 18 energy=-34.28174766962465  maxlinkdim=1100 maxerr=1.06E-05 time=37.578
After sweep 19 energy=-34.28184104626711  maxlinkdim=1200 maxerr=8.36E-06 time=40.333
After sweep 20 energy=-34.281907768059384  maxlinkdim=1300 maxerr=6.60E-06 time=56.697
After sweep 21 energy=-34.28195619999714  maxlinkdim=1400 maxerr=5.23E-06 time=57.459
After sweep 22 energy=-34.281992016271936  maxlinkdim=1500 maxerr=4.19E-06 time=64.723
After sweep 23 energy=-34.282018564316175  maxlinkdim=1600 maxerr=3.36E-06 time=61.088
After sweep 24 energy=-34.28203877932287  maxlinkdim=1700 maxerr=2.72E-06 time=99.611
After sweep 25 energy=-34.282053983863904  maxlinkdim=1800 maxerr=2.22E-06 time=133.440
After sweep 26 energy=-34.282065810150925  maxlinkdim=1900 maxerr=1.83E-06 time=135.482
After sweep 27 energy=-34.282075255559505  maxlinkdim=2000 maxerr=1.52E-06 time=157.014
After sweep 28 energy=-34.28207527250222  maxlinkdim=2000 maxerr=1.53E-06 time=167.754
After sweep 29 energy=-34.282075271519886  maxlinkdim=2000 maxerr=1.53E-06 time=161.018
After sweep 30 energy=-34.28207527101415  maxlinkdim=2000 maxerr=1.53E-06 time=165.536
J = 1.95
After sweep 1 energy=-27.05199462202045  maxlinkdim=10 maxerr=2.54E-02 time=5.831
After sweep 2 energy=-31.05435521907488  maxlinkdim=20 maxerr=6.01E-03 time=3.740
After sweep 3 energy=-32.83216470022759  maxlinkdim=40 maxerr=4.12E-03 time=4.306
After sweep 4 energy=-33.64604029166348  maxlinkdim=75 maxerr=2.12E-03 time=4.755
After sweep 5 energy=-34.34729511680285  maxlinkdim=100 maxerr=2.31E-03 time=5.583
After sweep 6 energy=-34.63840079014513  maxlinkdim=150 maxerr=8.72E-04 time=6.669
After sweep 7 energy=-34.72137039468358  maxlinkdim=200 maxerr=4.91E-04 time=7.853
After sweep 8 energy=-34.75122214748282  maxlinkdim=250 maxerr=3.25E-04 time=8.360
After sweep 9 energy=-34.76495648020055  maxlinkdim=300 maxerr=2.74E-04 time=8.561
After sweep 10 energy=-34.77115259161132  maxlinkdim=350 maxerr=2.22E-04 time=9.436
After sweep 11 energy=-34.77445869597399  maxlinkdim=400 maxerr=1.65E-04 time=10.681
After sweep 12 energy=-34.77809724608676  maxlinkdim=500 maxerr=1.30E-04 time=12.142
After sweep 13 energy=-34.78003647409146  maxlinkdim=600 maxerr=9.40E-05 time=14.960
After sweep 14 energy=-34.781275381412435  maxlinkdim=700 maxerr=6.25E-05 time=26.210
After sweep 15 energy=-34.78209794267336  maxlinkdim=800 maxerr=3.92E-05 time=34.303
After sweep 16 energy=-34.78259731697095  maxlinkdim=900 maxerr=2.61E-05 time=42.986
After sweep 17 energy=-34.78290295839492  maxlinkdim=1000 maxerr=1.88E-05 time=52.734
After sweep 18 energy=-34.78310285269188  maxlinkdim=1100 maxerr=1.40E-05 time=54.977
After sweep 19 energy=-34.783241743525124  maxlinkdim=1200 maxerr=1.09E-05 time=63.745
After sweep 20 energy=-34.783337154137016  maxlinkdim=1300 maxerr=8.86E-06 time=76.223
After sweep 21 energy=-34.783402340341205  maxlinkdim=1400 maxerr=7.00E-06 time=76.402
After sweep 22 energy=-34.78344991387894  maxlinkdim=1500 maxerr=5.71E-06 time=83.439
After sweep 23 energy=-34.783485232847475  maxlinkdim=1600 maxerr=4.69E-06 time=65.302
After sweep 24 energy=-34.783511952380096  maxlinkdim=1700 maxerr=3.85E-06 time=71.518
After sweep 25 energy=-34.78353300115778  maxlinkdim=1800 maxerr=3.17E-06 time=78.935
After sweep 26 energy=-34.78354946374876  maxlinkdim=1900 maxerr=2.66E-06 time=88.401
After sweep 27 energy=-34.78356279718193  maxlinkdim=2000 maxerr=2.19E-06 time=94.837
After sweep 28 energy=-34.78356299158528  maxlinkdim=2000 maxerr=2.20E-06 time=134.589
After sweep 29 energy=-34.7835630240212  maxlinkdim=2000 maxerr=2.20E-06 time=165.908
After sweep 30 energy=-34.78356302383243  maxlinkdim=2000 maxerr=2.20E-06 time=157.281
Finished calculating correlation func. Starting to calculate spingap
After sweep 1 energy=-27.57334378153044  maxlinkdim=10 maxerr=1.27E-02 time=6.881
After sweep 2 energy=-31.184502574422083  maxlinkdim=20 maxerr=8.73E-03 time=7.947
After sweep 3 energy=-32.614387753769456  maxlinkdim=40 maxerr=4.12E-03 time=4.073
After sweep 4 energy=-33.49750109486203  maxlinkdim=75 maxerr=3.85E-03 time=4.402
After sweep 5 energy=-34.07089503819192  maxlinkdim=100 maxerr=2.18E-03 time=5.305
After sweep 6 energy=-34.31765182516963  maxlinkdim=150 maxerr=8.43E-04 time=6.254
After sweep 7 energy=-34.422226587635805  maxlinkdim=200 maxerr=4.46E-04 time=7.119
After sweep 8 energy=-34.46338397936986  maxlinkdim=250 maxerr=3.01E-04 time=7.828
After sweep 9 energy=-34.47830386930955  maxlinkdim=300 maxerr=2.00E-04 time=8.652
After sweep 10 energy=-34.48507584939582  maxlinkdim=350 maxerr=1.59E-04 time=8.837
After sweep 11 energy=-34.48907341680571  maxlinkdim=400 maxerr=1.32E-04 time=9.626
After sweep 12 energy=-34.49300946688336  maxlinkdim=500 maxerr=8.26E-05 time=11.403
After sweep 13 energy=-34.494785760983284  maxlinkdim=600 maxerr=5.27E-05 time=13.203
After sweep 14 energy=-34.49569420752335  maxlinkdim=700 maxerr=3.53E-05 time=18.275
After sweep 15 energy=-34.49623248632668  maxlinkdim=800 maxerr=2.50E-05 time=36.366
After sweep 16 energy=-34.49656775202024  maxlinkdim=900 maxerr=1.87E-05 time=43.682
After sweep 17 energy=-34.49678500867521  maxlinkdim=1000 maxerr=1.43E-05 time=29.360
After sweep 18 energy=-34.49693029402799  maxlinkdim=1100 maxerr=1.12E-05 time=33.449
After sweep 19 energy=-34.497028272225144  maxlinkdim=1200 maxerr=8.80E-06 time=36.117
After sweep 20 energy=-34.497097688071314  maxlinkdim=1300 maxerr=6.95E-06 time=46.319
After sweep 21 energy=-34.49714857018108  maxlinkdim=1400 maxerr=5.50E-06 time=52.442
After sweep 22 energy=-34.49718597970278  maxlinkdim=1500 maxerr=4.40E-06 time=58.172
After sweep 23 energy=-34.497213863616544  maxlinkdim=1600 maxerr=3.54E-06 time=66.123
After sweep 24 energy=-34.49723512055274  maxlinkdim=1700 maxerr=2.86E-06 time=72.622
After sweep 25 energy=-34.497251096272  maxlinkdim=1800 maxerr=2.35E-06 time=80.978
After sweep 26 energy=-34.49726359089029  maxlinkdim=1900 maxerr=1.94E-06 time=87.452
After sweep 27 energy=-34.49727348103899  maxlinkdim=2000 maxerr=1.61E-06 time=96.439
After sweep 28 energy=-34.497273489795205  maxlinkdim=2000 maxerr=1.62E-06 time=100.042
After sweep 29 energy=-34.49727349349157  maxlinkdim=2000 maxerr=1.62E-06 time=148.336
After sweep 30 energy=-34.4972734936277  maxlinkdim=2000 maxerr=1.62E-06 time=126.306
J = 2.05
After sweep 1 energy=-29.678748749536975  maxlinkdim=10 maxerr=7.13E-03 time=2.586
After sweep 2 energy=-32.57548998885839  maxlinkdim=20 maxerr=5.07E-03 time=3.810
After sweep 3 energy=-33.57634106162011  maxlinkdim=40 maxerr=3.09E-03 time=4.866
After sweep 4 energy=-34.285258573302535  maxlinkdim=75 maxerr=1.77E-03 time=5.489
After sweep 5 energy=-34.740154425473015  maxlinkdim=100 maxerr=1.29E-03 time=6.546
After sweep 6 energy=-35.07229108772651  maxlinkdim=150 maxerr=1.14E-03 time=7.441
After sweep 7 energy=-35.17234934056406  maxlinkdim=200 maxerr=6.89E-04 time=7.978
After sweep 8 energy=-35.20512675135043  maxlinkdim=250 maxerr=3.66E-04 time=8.907
After sweep 9 energy=-35.2188131065249  maxlinkdim=300 maxerr=2.73E-04 time=9.701
After sweep 10 energy=-35.22506656065139  maxlinkdim=350 maxerr=2.29E-04 time=10.448
After sweep 11 energy=-35.22856109749709  maxlinkdim=400 maxerr=1.72E-04 time=11.780
After sweep 12 energy=-35.23234368346627  maxlinkdim=500 maxerr=1.35E-04 time=13.811
After sweep 13 energy=-35.23432704476095  maxlinkdim=600 maxerr=9.92E-05 time=14.345
After sweep 14 energy=-35.23562501915041  maxlinkdim=700 maxerr=6.54E-05 time=16.974
After sweep 15 energy=-35.23647474203969  maxlinkdim=800 maxerr=4.17E-05 time=20.520
After sweep 16 energy=-35.236996308696966  maxlinkdim=900 maxerr=2.79E-05 time=23.668
After sweep 17 energy=-35.23731780044344  maxlinkdim=1000 maxerr=2.01E-05 time=29.448
After sweep 18 energy=-35.23753220620231  maxlinkdim=1100 maxerr=1.52E-05 time=32.633
After sweep 19 energy=-35.237682775267686  maxlinkdim=1200 maxerr=1.17E-05 time=37.315
After sweep 20 energy=-35.2377828333822  maxlinkdim=1300 maxerr=9.39E-06 time=46.345
After sweep 21 energy=-35.23785413210279  maxlinkdim=1400 maxerr=7.42E-06 time=52.442
After sweep 22 energy=-35.23790443034123  maxlinkdim=1500 maxerr=6.07E-06 time=59.542
After sweep 23 energy=-35.23794236754629  maxlinkdim=1600 maxerr=5.00E-06 time=64.388
After sweep 24 energy=-35.23797107333455  maxlinkdim=1700 maxerr=4.12E-06 time=84.781
After sweep 25 energy=-35.23799333807518  maxlinkdim=1800 maxerr=3.41E-06 time=133.028
After sweep 26 energy=-35.23801067327935  maxlinkdim=1900 maxerr=2.85E-06 time=144.291
After sweep 27 energy=-35.238024878734215  maxlinkdim=2000 maxerr=2.38E-06 time=153.824
After sweep 28 energy=-35.2380249355392  maxlinkdim=2000 maxerr=2.38E-06 time=168.953
After sweep 29 energy=-35.238024925119  maxlinkdim=2000 maxerr=2.39E-06 time=162.366
After sweep 30 energy=-35.23802492463028  maxlinkdim=2000 maxerr=2.39E-06 time=156.420
Finished calculating correlation func. Starting to calculate spingap
After sweep 1 energy=-29.812392462345276  maxlinkdim=10 maxerr=1.26E-02 time=6.496
After sweep 2 energy=-32.20938518388964  maxlinkdim=20 maxerr=3.79E-03 time=9.856
After sweep 3 energy=-33.35961868165252  maxlinkdim=40 maxerr=2.47E-03 time=6.564
After sweep 4 energy=-34.06312334593537  maxlinkdim=75 maxerr=1.32E-03 time=5.343
After sweep 5 energy=-34.46154716416472  maxlinkdim=100 maxerr=1.69E-03 time=5.771
After sweep 6 energy=-34.7387965535565  maxlinkdim=150 maxerr=1.12E-03 time=6.451
After sweep 7 energy=-34.85535357244804  maxlinkdim=200 maxerr=5.67E-04 time=7.128
After sweep 8 energy=-34.901844534031184  maxlinkdim=250 maxerr=3.43E-04 time=8.186
After sweep 9 energy=-34.91756871807062  maxlinkdim=300 maxerr=2.31E-04 time=8.501
After sweep 10 energy=-34.923970906957294  maxlinkdim=350 maxerr=1.73E-04 time=9.219
After sweep 11 energy=-34.92772954101394  maxlinkdim=400 maxerr=1.46E-04 time=10.235
After sweep 12 energy=-34.93159362151508  maxlinkdim=500 maxerr=8.79E-05 time=11.815
After sweep 13 energy=-34.93337199336967  maxlinkdim=600 maxerr=5.72E-05 time=14.604
After sweep 14 energy=-34.934302906939344  maxlinkdim=700 maxerr=3.87E-05 time=29.654
After sweep 15 energy=-34.934869769405665  maxlinkdim=800 maxerr=2.75E-05 time=33.081
After sweep 16 energy=-34.93522511623319  maxlinkdim=900 maxerr=2.07E-05 time=41.335
After sweep 17 energy=-34.93545964477092  maxlinkdim=1000 maxerr=1.59E-05 time=50.008
After sweep 18 energy=-34.935618082648716  maxlinkdim=1100 maxerr=1.24E-05 time=60.942
After sweep 19 energy=-34.935724467290825  maxlinkdim=1200 maxerr=9.72E-06 time=65.515
After sweep 20 energy=-34.935800953336425  maxlinkdim=1300 maxerr=7.70E-06 time=79.102
After sweep 21 energy=-34.935856420627076  maxlinkdim=1400 maxerr=6.11E-06 time=90.758
After sweep 22 energy=-34.93589749710902  maxlinkdim=1500 maxerr=4.90E-06 time=98.272
After sweep 23 energy=-34.93592838102639  maxlinkdim=1600 maxerr=3.94E-06 time=101.728
After sweep 24 energy=-34.9359518019958  maxlinkdim=1700 maxerr=3.20E-06 time=116.979
After sweep 25 energy=-34.935969498813094  maxlinkdim=1800 maxerr=2.63E-06 time=136.427
After sweep 26 energy=-34.935983467533504  maxlinkdim=1900 maxerr=2.17E-06 time=145.010
After sweep 27 energy=-34.935994468508156  maxlinkdim=2000 maxerr=1.81E-06 time=162.046
After sweep 28 energy=-34.93599450520839  maxlinkdim=2000 maxerr=1.82E-06 time=157.800
After sweep 29 energy=-34.93599451468969  maxlinkdim=2000 maxerr=1.82E-06 time=168.254
After sweep 30 energy=-34.935994514129376  maxlinkdim=2000 maxerr=1.82E-06 time=166.283
J = 2.1
After sweep 1 energy=-27.405091860439782  maxlinkdim=10 maxerr=2.24E-02 time=6.535
After sweep 2 energy=-32.166581278751465  maxlinkdim=20 maxerr=2.06E-02 time=9.699
After sweep 3 energy=-34.20434344874783  maxlinkdim=40 maxerr=3.33E-03 time=12.519
After sweep 4 energy=-35.14036643990598  maxlinkdim=75 maxerr=1.20E-03 time=14.382
After sweep 5 energy=-35.31046197586072  maxlinkdim=100 maxerr=1.51E-03 time=16.949
After sweep 6 energy=-35.38162063949741  maxlinkdim=150 maxerr=6.56E-04 time=17.221
After sweep 7 energy=-35.41834038840748  maxlinkdim=200 maxerr=4.06E-04 time=17.864
After sweep 8 energy=-35.438779038106865  maxlinkdim=250 maxerr=3.43E-04 time=19.453
After sweep 9 energy=-35.45049537017258  maxlinkdim=300 maxerr=2.84E-04 time=19.823
After sweep 10 energy=-35.4566464585233  maxlinkdim=350 maxerr=2.38E-04 time=20.632
After sweep 11 energy=-35.4601633268513  maxlinkdim=400 maxerr=1.77E-04 time=21.517
After sweep 12 energy=-35.464057124133106  maxlinkdim=500 maxerr=1.36E-04 time=24.856
After sweep 13 energy=-35.46608157602071  maxlinkdim=600 maxerr=1.02E-04 time=27.507
After sweep 14 energy=-35.467393631028315  maxlinkdim=700 maxerr=6.72E-05 time=31.588
After sweep 15 energy=-35.468254134566635  maxlinkdim=800 maxerr=4.31E-05 time=37.301
After sweep 16 energy=-35.46879336176787  maxlinkdim=900 maxerr=2.87E-05 time=43.325
After sweep 17 energy=-35.46912199123186  maxlinkdim=1000 maxerr=2.09E-05 time=46.344
After sweep 18 energy=-35.46934422032766  maxlinkdim=1100 maxerr=1.58E-05 time=55.814
After sweep 19 energy=-35.46949946734278  maxlinkdim=1200 maxerr=1.21E-05 time=62.927
After sweep 20 energy=-35.469604031712414  maxlinkdim=1300 maxerr=9.64E-06 time=74.593
After sweep 21 energy=-35.469677131495004  maxlinkdim=1400 maxerr=7.65E-06 time=88.485
After sweep 22 energy=-35.46972949340185  maxlinkdim=1500 maxerr=6.27E-06 time=95.197
After sweep 23 energy=-35.46976860547646  maxlinkdim=1600 maxerr=5.15E-06 time=109.580
After sweep 24 energy=-35.469798254595176  maxlinkdim=1700 maxerr=4.27E-06 time=123.315
After sweep 25 energy=-35.46982101681825  maxlinkdim=1800 maxerr=3.54E-06 time=130.823
After sweep 26 energy=-35.46983887884923  maxlinkdim=1900 maxerr=2.95E-06 time=148.166
After sweep 27 energy=-35.469853604799496  maxlinkdim=2000 maxerr=2.48E-06 time=150.737
After sweep 28 energy=-35.46985370927583  maxlinkdim=2000 maxerr=2.49E-06 time=170.585
After sweep 29 energy=-35.46985370576326  maxlinkdim=2000 maxerr=2.49E-06 time=158.910
After sweep 30 energy=-35.469853705001256  maxlinkdim=2000 maxerr=2.49E-06 time=152.950
Finished calculating correlation func. Starting to calculate spingap
After sweep 1 energy=-27.90158885824919  maxlinkdim=10 maxerr=1.17E-02 time=4.943
After sweep 2 energy=-32.121803954967625  maxlinkdim=20 maxerr=9.89E-03 time=3.580
After sweep 3 energy=-33.78613233442469  maxlinkdim=40 maxerr=1.97E-03 time=3.784
After sweep 4 energy=-34.532863468790985  maxlinkdim=75 maxerr=1.13E-03 time=4.605
After sweep 5 energy=-34.86220313258713  maxlinkdim=100 maxerr=8.23E-04 time=4.927
After sweep 6 energy=-35.032181392533396  maxlinkdim=150 maxerr=5.72E-04 time=5.546
After sweep 7 energy=-35.102451404160796  maxlinkdim=200 maxerr=4.37E-04 time=6.334
After sweep 8 energy=-35.1304793216977  maxlinkdim=250 maxerr=3.26E-04 time=7.854
After sweep 9 energy=-35.14148990437407  maxlinkdim=300 maxerr=2.36E-04 time=8.493
After sweep 10 energy=-35.14726969302551  maxlinkdim=350 maxerr=1.82E-04 time=8.763
After sweep 11 energy=-35.1510150514292  maxlinkdim=400 maxerr=1.49E-04 time=9.545
After sweep 12 energy=-35.15496352607961  maxlinkdim=500 maxerr=9.17E-05 time=11.576
After sweep 13 energy=-35.156793497785245  maxlinkdim=600 maxerr=5.92E-05 time=12.679
After sweep 14 energy=-35.157758228154606  maxlinkdim=700 maxerr=4.05E-05 time=16.079
After sweep 15 energy=-35.15834487828782  maxlinkdim=800 maxerr=2.89E-05 time=31.973
After sweep 16 energy=-35.15871680899735  maxlinkdim=900 maxerr=2.17E-05 time=40.745
After sweep 17 energy=-35.15896209687687  maxlinkdim=1000 maxerr=1.68E-05 time=43.838
After sweep 18 energy=-35.15912682175166  maxlinkdim=1100 maxerr=1.31E-05 time=60.709
After sweep 19 energy=-35.15923856166695  maxlinkdim=1200 maxerr=1.02E-05 time=65.046
After sweep 20 energy=-35.15931818667186  maxlinkdim=1300 maxerr=8.11E-06 time=78.874
After sweep 21 energy=-35.159376424897275  maxlinkdim=1400 maxerr=6.44E-06 time=86.807
After sweep 22 energy=-35.159419636741376  maxlinkdim=1500 maxerr=5.16E-06 time=96.389
After sweep 23 energy=-35.1594520996053  maxlinkdim=1600 maxerr=4.16E-06 time=110.360
After sweep 24 energy=-35.159476795703604  maxlinkdim=1700 maxerr=3.38E-06 time=128.396
After sweep 25 energy=-35.15949541336649  maxlinkdim=1800 maxerr=2.78E-06 time=123.341
After sweep 26 energy=-35.15951018907453  maxlinkdim=1900 maxerr=2.30E-06 time=87.709
After sweep 27 energy=-35.159521801113705  maxlinkdim=2000 maxerr=1.92E-06 time=96.402
After sweep 28 energy=-35.15952181905216  maxlinkdim=2000 maxerr=1.93E-06 time=98.760
After sweep 29 energy=-35.15952181846256  maxlinkdim=2000 maxerr=1.93E-06 time=99.948
After sweep 30 energy=-35.1595218183035  maxlinkdim=2000 maxerr=1.93E-06 time=98.755
J = 2.2
After sweep 1 energy=-29.307794957528785  maxlinkdim=10 maxerr=9.75E-03 time=2.835
After sweep 2 energy=-32.86135512449313  maxlinkdim=20 maxerr=6.84E-03 time=3.324
After sweep 3 energy=-34.35729350520007  maxlinkdim=40 maxerr=1.79E-03 time=4.758
After sweep 4 energy=-35.10765495156351  maxlinkdim=75 maxerr=1.47E-03 time=5.661
After sweep 5 energy=-35.60401530785705  maxlinkdim=100 maxerr=1.78E-03 time=6.367
After sweep 6 energy=-35.82808640404323  maxlinkdim=150 maxerr=7.53E-04 time=7.295
After sweep 7 energy=-35.8857748850739  maxlinkdim=200 maxerr=5.05E-04 time=7.880
After sweep 8 energy=-35.91045307925812  maxlinkdim=250 maxerr=3.47E-04 time=8.207
After sweep 9 energy=-35.92263575978007  maxlinkdim=300 maxerr=2.93E-04 time=10.234
After sweep 10 energy=-35.92898946106678  maxlinkdim=350 maxerr=2.49E-04 time=10.027
After sweep 11 energy=-35.93271255295734  maxlinkdim=400 maxerr=1.87E-04 time=11.408
After sweep 12 energy=-35.936745546733796  maxlinkdim=500 maxerr=1.40E-04 time=12.989
After sweep 13 energy=-35.93883947706362  maxlinkdim=600 maxerr=1.07E-04 time=14.476
After sweep 14 energy=-35.9402186520549  maxlinkdim=700 maxerr=7.04E-05 time=17.844
After sweep 15 energy=-35.94110967575431  maxlinkdim=800 maxerr=4.57E-05 time=21.928
After sweep 16 energy=-35.94167190356434  maxlinkdim=900 maxerr=3.07E-05 time=24.242
After sweep 17 energy=-35.94202237619625  maxlinkdim=1000 maxerr=2.25E-05 time=29.163
After sweep 18 energy=-35.942253775863506  maxlinkdim=1100 maxerr=1.68E-05 time=35.019
After sweep 19 energy=-35.94241706254663  maxlinkdim=1200 maxerr=1.29E-05 time=39.068
After sweep 20 energy=-35.94252784321453  maxlinkdim=1300 maxerr=1.02E-05 time=46.457
After sweep 21 energy=-35.942607517798486  maxlinkdim=1400 maxerr=8.07E-06 time=49.765
After sweep 22 energy=-35.94266333084483  maxlinkdim=1500 maxerr=6.55E-06 time=58.827
After sweep 23 energy=-35.94270481572098  maxlinkdim=1600 maxerr=5.47E-06 time=108.508
After sweep 24 energy=-35.94273644199026  maxlinkdim=1700 maxerr=4.54E-06 time=119.821
After sweep 25 energy=-35.94276057986136  maxlinkdim=1800 maxerr=3.78E-06 time=126.979
After sweep 26 energy=-35.94277980256011  maxlinkdim=1900 maxerr=3.18E-06 time=140.209
After sweep 27 energy=-35.94279499834614  maxlinkdim=2000 maxerr=2.68E-06 time=156.601
After sweep 28 energy=-35.942795216536034  maxlinkdim=2000 maxerr=2.69E-06 time=165.277
After sweep 29 energy=-35.942795213087486  maxlinkdim=2000 maxerr=2.69E-06 time=163.550
After sweep 30 energy=-35.94279520596243  maxlinkdim=2000 maxerr=2.69E-06 time=164.839
Finished calculating correlation func. Starting to calculate spingap
After sweep 1 energy=-28.16371226950623  maxlinkdim=10 maxerr=6.19E-03 time=5.659
After sweep 2 energy=-32.715707596689995  maxlinkdim=20 maxerr=4.59E-03 time=4.189
After sweep 3 energy=-34.2980353467729  maxlinkdim=40 maxerr=3.08E-03 time=3.863
After sweep 4 energy=-35.02523984232928  maxlinkdim=75 maxerr=1.64E-03 time=4.809
After sweep 5 energy=-35.301877397198055  maxlinkdim=100 maxerr=1.36E-03 time=5.083
After sweep 6 energy=-35.46204670381931  maxlinkdim=150 maxerr=8.63E-04 time=5.675
After sweep 7 energy=-35.541762073373214  maxlinkdim=200 maxerr=5.00E-04 time=6.427
After sweep 8 energy=-35.581303032152476  maxlinkdim=250 maxerr=3.50E-04 time=7.307
After sweep 9 energy=-35.59554184353011  maxlinkdim=300 maxerr=2.43E-04 time=7.570
After sweep 10 energy=-35.601889695457956  maxlinkdim=350 maxerr=1.83E-04 time=8.518
After sweep 11 energy=-35.60582536871314  maxlinkdim=400 maxerr=1.55E-04 time=9.351
After sweep 12 energy=-35.610012484465585  maxlinkdim=500 maxerr=9.67E-05 time=10.908
After sweep 13 energy=-35.611957621813325  maxlinkdim=600 maxerr=6.41E-05 time=12.531
After sweep 14 energy=-35.61299370660083  maxlinkdim=700 maxerr=4.42E-05 time=17.688
After sweep 15 energy=-35.61362478012708  maxlinkdim=800 maxerr=3.17E-05 time=35.093
After sweep 16 energy=-35.61402429767293  maxlinkdim=900 maxerr=2.39E-05 time=44.122
After sweep 17 energy=-35.61429166940824  maxlinkdim=1000 maxerr=1.85E-05 time=58.230
After sweep 18 energy=-35.614471352191146  maxlinkdim=1100 maxerr=1.44E-05 time=54.543
After sweep 19 energy=-35.61459460210368  maxlinkdim=1200 maxerr=1.13E-05 time=70.130
After sweep 20 energy=-35.61468065362582  maxlinkdim=1300 maxerr=8.97E-06 time=52.199
After sweep 21 energy=-35.61474471088003  maxlinkdim=1400 maxerr=7.13E-06 time=52.317
After sweep 22 energy=-35.614791860853884  maxlinkdim=1500 maxerr=5.72E-06 time=81.933
After sweep 23 energy=-35.61482769958275  maxlinkdim=1600 maxerr=4.64E-06 time=100.046
After sweep 24 energy=-35.614855072697594  maxlinkdim=1700 maxerr=3.76E-06 time=100.728
After sweep 25 energy=-35.61487588280833  maxlinkdim=1800 maxerr=3.11E-06 time=141.776
After sweep 26 energy=-35.614892245236696  maxlinkdim=1900 maxerr=2.57E-06 time=219.254
After sweep 27 energy=-35.61490512382044  maxlinkdim=2000 maxerr=2.14E-06 time=296.542
After sweep 28 energy=-35.61490520645918  maxlinkdim=2000 maxerr=2.16E-06 time=259.664
After sweep 29 energy=-35.61490521484321  maxlinkdim=2000 maxerr=2.16E-06 time=210.006
After sweep 30 energy=-35.61490521477307  maxlinkdim=2000 maxerr=2.16E-06 time=185.024
J = 2.3
After sweep 1 energy=-29.526007292271373  maxlinkdim=10 maxerr=8.10E-03 time=70.171
After sweep 2 energy=-32.890428085172495  maxlinkdim=20 maxerr=4.39E-03 time=17.934
After sweep 3 energy=-34.74071437579008  maxlinkdim=40 maxerr=2.64E-03 time=5.352
After sweep 4 energy=-35.69403317882007  maxlinkdim=75 maxerr=1.08E-03 time=6.550
After sweep 5 energy=-36.13568446267191  maxlinkdim=100 maxerr=1.34E-03 time=7.822
After sweep 6 energy=-36.31592327035403  maxlinkdim=150 maxerr=9.42E-04 time=7.752
After sweep 7 energy=-36.37075706894238  maxlinkdim=200 maxerr=5.68E-04 time=9.164
After sweep 8 energy=-36.39498939331294  maxlinkdim=250 maxerr=3.65E-04 time=11.264
After sweep 9 energy=-36.40726214717114  maxlinkdim=300 maxerr=3.02E-04 time=12.017
After sweep 10 energy=-36.413814323051675  maxlinkdim=350 maxerr=2.59E-04 time=11.932
After sweep 11 energy=-36.41772050884611  maxlinkdim=400 maxerr=1.94E-04 time=13.352
After sweep 12 energy=-36.42190111348236  maxlinkdim=500 maxerr=1.46E-04 time=16.496
After sweep 13 energy=-36.42406567092841  maxlinkdim=600 maxerr=1.11E-04 time=20.978
After sweep 14 energy=-36.425508753924106  maxlinkdim=700 maxerr=7.34E-05 time=23.460
After sweep 15 energy=-36.42642495619615  maxlinkdim=800 maxerr=4.87E-05 time=26.201
After sweep 16 energy=-36.4270008632581  maxlinkdim=900 maxerr=3.28E-05 time=30.811
After sweep 17 energy=-36.427367211371056  maxlinkdim=1000 maxerr=2.38E-05 time=34.003
After sweep 18 energy=-36.42761331795189  maxlinkdim=1100 maxerr=1.79E-05 time=39.094
After sweep 19 energy=-36.42778501079849  maxlinkdim=1200 maxerr=1.37E-05 time=44.708
After sweep 20 energy=-36.42790267408198  maxlinkdim=1300 maxerr=1.08E-05 time=49.438
After sweep 21 energy=-36.42798697855974  maxlinkdim=1400 maxerr=8.44E-06 time=79.500
After sweep 22 energy=-36.42804583014001  maxlinkdim=1500 maxerr=6.90E-06 time=63.722
After sweep 23 energy=-36.42809040557061  maxlinkdim=1600 maxerr=5.76E-06 time=69.898
After sweep 24 energy=-36.42812339733488  maxlinkdim=1700 maxerr=4.83E-06 time=75.275
After sweep 25 energy=-36.42814914043107  maxlinkdim=1800 maxerr=4.04E-06 time=84.147
After sweep 26 energy=-36.428169248104815  maxlinkdim=1900 maxerr=3.40E-06 time=94.443
After sweep 27 energy=-36.428185276801656  maxlinkdim=2000 maxerr=2.86E-06 time=102.498
After sweep 28 energy=-36.42818530720256  maxlinkdim=2000 maxerr=2.87E-06 time=102.631
After sweep 29 energy=-36.428185307349224  maxlinkdim=2000 maxerr=2.88E-06 time=100.126
After sweep 30 energy=-36.428185307950365  maxlinkdim=2000 maxerr=2.88E-06 time=100.054
Finished calculating correlation func. Starting to calculate spingap
After sweep 1 energy=-28.701873407634075  maxlinkdim=10 maxerr=1.14E-02 time=2.688
After sweep 2 energy=-33.077358530430786  maxlinkdim=20 maxerr=2.20E-03 time=3.227
After sweep 3 energy=-34.87089470052467  maxlinkdim=40 maxerr=2.77E-03 time=4.643
After sweep 4 energy=-35.54709143976163  maxlinkdim=75 maxerr=1.54E-03 time=5.180
After sweep 5 energy=-35.81847852428169  maxlinkdim=100 maxerr=1.97E-03 time=6.194
After sweep 6 energy=-35.965360459513604  maxlinkdim=150 maxerr=6.82E-04 time=7.152
After sweep 7 energy=-36.025330667002166  maxlinkdim=200 maxerr=5.11E-04 time=7.389
After sweep 8 energy=-36.05084696580371  maxlinkdim=250 maxerr=3.65E-04 time=8.595
After sweep 9 energy=-36.06173504160304  maxlinkdim=300 maxerr=2.57E-04 time=9.505
After sweep 10 energy=-36.067852326626465  maxlinkdim=350 maxerr=1.94E-04 time=10.815
After sweep 11 energy=-36.07177064643921  maxlinkdim=400 maxerr=1.61E-04 time=10.846
After sweep 12 energy=-36.076137328791916  maxlinkdim=500 maxerr=1.02E-04 time=13.628
After sweep 13 energy=-36.07819316766339  maxlinkdim=600 maxerr=6.78E-05 time=15.218
After sweep 14 energy=-36.07929943826377  maxlinkdim=700 maxerr=4.77E-05 time=16.676
After sweep 15 energy=-36.07997077370229  maxlinkdim=800 maxerr=3.46E-05 time=20.212
After sweep 16 energy=-36.080398482822076  maxlinkdim=900 maxerr=2.60E-05 time=24.344
After sweep 17 energy=-36.08068720995128  maxlinkdim=1000 maxerr=2.02E-05 time=28.457
After sweep 18 energy=-36.08088223891301  maxlinkdim=1100 maxerr=1.58E-05 time=31.975
After sweep 19 energy=-36.08101602411832  maxlinkdim=1200 maxerr=1.24E-05 time=38.770
After sweep 20 energy=-36.08111044707854  maxlinkdim=1300 maxerr=9.84E-06 time=44.516
After sweep 21 energy=-36.0811795052968  maxlinkdim=1400 maxerr=7.84E-06 time=48.041
After sweep 22 energy=-36.08123105832829  maxlinkdim=1500 maxerr=6.30E-06 time=58.267
After sweep 23 energy=-36.08127031450149  maxlinkdim=1600 maxerr=5.12E-06 time=71.369
After sweep 24 energy=-36.08130025044216  maxlinkdim=1700 maxerr=4.17E-06 time=72.507
After sweep 25 energy=-36.08132312498751  maxlinkdim=1800 maxerr=3.44E-06 time=78.974
After sweep 26 energy=-36.08134120530794  maxlinkdim=1900 maxerr=2.85E-06 time=89.011
After sweep 27 energy=-36.08135541875443  maxlinkdim=2000 maxerr=2.37E-06 time=95.272
After sweep 28 energy=-36.08135549975988  maxlinkdim=2000 maxerr=2.39E-06 time=95.105
After sweep 29 energy=-36.081355499668085  maxlinkdim=2000 maxerr=2.39E-06 time=94.573
After sweep 30 energy=-36.08135549950106  maxlinkdim=2000 maxerr=2.39E-06 time=99.279
J = 2.4
After sweep 1 energy=-28.158226286305677  maxlinkdim=10 maxerr=1.49E-02 time=2.827
After sweep 2 energy=-33.302018941733024  maxlinkdim=20 maxerr=2.10E-02 time=4.199
After sweep 3 energy=-35.089372894774215  maxlinkdim=40 maxerr=2.92E-03 time=4.027
After sweep 4 energy=-36.13475993193025  maxlinkdim=75 maxerr=1.08E-03 time=5.561
After sweep 5 energy=-36.633748770339686  maxlinkdim=100 maxerr=1.76E-03 time=6.283
After sweep 6 energy=-36.80952785095149  maxlinkdim=150 maxerr=8.96E-04 time=6.479
After sweep 7 energy=-36.86939219710567  maxlinkdim=200 maxerr=5.65E-04 time=7.423
After sweep 8 energy=-36.892324312362106  maxlinkdim=250 maxerr=3.82E-04 time=8.143
After sweep 9 energy=-36.90439257484647  maxlinkdim=300 maxerr=3.16E-04 time=9.170
After sweep 10 energy=-36.911146498845376  maxlinkdim=350 maxerr=2.69E-04 time=10.359
After sweep 11 energy=-36.91517908613225  maxlinkdim=400 maxerr=2.03E-04 time=11.294
After sweep 12 energy=-36.919510964293906  maxlinkdim=500 maxerr=1.51E-04 time=13.011
After sweep 13 energy=-36.92177621017448  maxlinkdim=600 maxerr=1.15E-04 time=14.350
After sweep 14 energy=-36.92325515649396  maxlinkdim=700 maxerr=7.69E-05 time=18.213
After sweep 15 energy=-36.92419527063261  maxlinkdim=800 maxerr=5.15E-05 time=20.246
After sweep 16 energy=-36.92479648198044  maxlinkdim=900 maxerr=3.45E-05 time=23.818
After sweep 17 energy=-36.925179976897695  maxlinkdim=1000 maxerr=2.52E-05 time=28.056
After sweep 18 energy=-36.92543716457606  maxlinkdim=1100 maxerr=1.90E-05 time=33.628
After sweep 19 energy=-36.92561434627913  maxlinkdim=1200 maxerr=1.46E-05 time=37.568
After sweep 20 energy=-36.9257382875728  maxlinkdim=1300 maxerr=1.13E-05 time=44.158
After sweep 21 energy=-36.92582545413818  maxlinkdim=1400 maxerr=8.82E-06 time=50.380
After sweep 22 energy=-36.925888477818425  maxlinkdim=1500 maxerr=7.22E-06 time=58.372
After sweep 23 energy=-36.925935001557434  maxlinkdim=1600 maxerr=6.04E-06 time=63.954
After sweep 24 energy=-36.9259696785522  maxlinkdim=1700 maxerr=5.06E-06 time=67.856
After sweep 25 energy=-36.92599672504762  maxlinkdim=1800 maxerr=4.26E-06 time=77.657
After sweep 26 energy=-36.92601781612113  maxlinkdim=1900 maxerr=3.59E-06 time=84.417
After sweep 27 energy=-36.92603495749232  maxlinkdim=2000 maxerr=3.04E-06 time=93.155
After sweep 28 energy=-36.92603499699627  maxlinkdim=2000 maxerr=3.05E-06 time=96.208
After sweep 29 energy=-36.92603500269065  maxlinkdim=2000 maxerr=3.06E-06 time=96.382
After sweep 30 energy=-36.926034983137704  maxlinkdim=2000 maxerr=3.06E-06 time=96.381
Finished calculating correlation func. Starting to calculate spingap
After sweep 1 energy=-28.129472429272  maxlinkdim=10 maxerr=1.03E-02 time=2.436
After sweep 2 energy=-32.401675548872404  maxlinkdim=20 maxerr=7.99E-03 time=3.063
After sweep 3 energy=-34.60476999411899  maxlinkdim=40 maxerr=1.58E-03 time=4.637
After sweep 4 energy=-35.66957030926102  maxlinkdim=75 maxerr=1.34E-03 time=4.501
After sweep 5 energy=-36.0655222086592  maxlinkdim=100 maxerr=1.35E-03 time=5.930
After sweep 6 energy=-36.3171358317887  maxlinkdim=150 maxerr=1.18E-03 time=7.852
After sweep 7 energy=-36.46538613600892  maxlinkdim=200 maxerr=6.86E-04 time=7.820
After sweep 8 energy=-36.51989943972564  maxlinkdim=250 maxerr=4.67E-04 time=8.384
After sweep 9 energy=-36.53689579819587  maxlinkdim=300 maxerr=2.84E-04 time=9.258
After sweep 10 energy=-36.544264082271546  maxlinkdim=350 maxerr=2.17E-04 time=10.437
After sweep 11 energy=-36.54859494062504  maxlinkdim=400 maxerr=1.69E-04 time=10.524
After sweep 12 energy=-36.55321193861722  maxlinkdim=500 maxerr=1.08E-04 time=13.142
After sweep 13 energy=-36.555404453625556  maxlinkdim=600 maxerr=7.24E-05 time=14.021
After sweep 14 energy=-36.556582910355516  maxlinkdim=700 maxerr=5.15E-05 time=18.346
After sweep 15 energy=-36.55729543763284  maxlinkdim=800 maxerr=3.76E-05 time=20.735
After sweep 16 energy=-36.55775110797691  maxlinkdim=900 maxerr=2.83E-05 time=23.994
After sweep 17 energy=-36.5580584266569  maxlinkdim=1000 maxerr=2.18E-05 time=27.591
After sweep 18 energy=-36.5582679454016  maxlinkdim=1100 maxerr=1.71E-05 time=32.359
After sweep 19 energy=-36.558413137054494  maxlinkdim=1200 maxerr=1.34E-05 time=39.427
After sweep 20 energy=-36.558515166201744  maxlinkdim=1300 maxerr=1.07E-05 time=43.505
After sweep 21 energy=-36.558589360116606  maxlinkdim=1400 maxerr=8.56E-06 time=49.889
After sweep 22 energy=-36.558645563682326  maxlinkdim=1500 maxerr=6.90E-06 time=59.015
After sweep 23 energy=-36.558688087672316  maxlinkdim=1600 maxerr=5.60E-06 time=66.918
After sweep 24 energy=-36.55872067364258  maxlinkdim=1700 maxerr=4.57E-06 time=70.865
After sweep 25 energy=-36.55874563004375  maxlinkdim=1800 maxerr=3.77E-06 time=77.994
After sweep 26 energy=-36.55876536663996  maxlinkdim=1900 maxerr=3.13E-06 time=88.110
After sweep 27 energy=-36.55878106543499  maxlinkdim=2000 maxerr=2.61E-06 time=96.044
After sweep 28 energy=-36.558781079448885  maxlinkdim=2000 maxerr=2.62E-06 time=98.576
After sweep 29 energy=-36.55878107824293  maxlinkdim=2000 maxerr=2.63E-06 time=97.334
After sweep 30 energy=-36.558781078506065  maxlinkdim=2000 maxerr=2.63E-06 time=99.236
J = 2.45
After sweep 1 energy=-30.29864263252557  maxlinkdim=10 maxerr=6.13E-03 time=2.888
After sweep 2 energy=-33.66699151551458  maxlinkdim=20 maxerr=5.86E-03 time=4.250
After sweep 3 energy=-35.62583710872952  maxlinkdim=40 maxerr=4.50E-03 time=4.108
After sweep 4 energy=-36.35808512918165  maxlinkdim=75 maxerr=2.90E-03 time=6.430
After sweep 5 energy=-36.8086486557028  maxlinkdim=100 maxerr=1.14E-03 time=6.298
After sweep 6 energy=-37.04732066657428  maxlinkdim=150 maxerr=5.93E-04 time=6.640
After sweep 7 energy=-37.117793150983324  maxlinkdim=200 maxerr=5.43E-04 time=7.664
After sweep 8 energy=-37.14505133996187  maxlinkdim=250 maxerr=3.72E-04 time=8.514
After sweep 9 energy=-37.15753264503966  maxlinkdim=300 maxerr=3.33E-04 time=9.038
After sweep 10 energy=-37.164462454517945  maxlinkdim=350 maxerr=2.76E-04 time=10.147
After sweep 11 energy=-37.16855900939334  maxlinkdim=400 maxerr=2.11E-04 time=11.409
After sweep 12 energy=-37.172985044751144  maxlinkdim=500 maxerr=1.54E-04 time=13.575
After sweep 13 energy=-37.17528671972164  maxlinkdim=600 maxerr=1.16E-04 time=14.427
After sweep 14 energy=-37.17677861856504  maxlinkdim=700 maxerr=7.81E-05 time=17.668
After sweep 15 energy=-37.177732409441596  maxlinkdim=800 maxerr=5.27E-05 time=21.002
After sweep 16 energy=-37.1783470815511  maxlinkdim=900 maxerr=3.53E-05 time=24.386
After sweep 17 energy=-37.17873577523018  maxlinkdim=1000 maxerr=2.58E-05 time=29.459
After sweep 18 energy=-37.17899915079058  maxlinkdim=1100 maxerr=1.94E-05 time=33.699
After sweep 19 energy=-37.17917938693005  maxlinkdim=1200 maxerr=1.49E-05 time=37.872
After sweep 20 energy=-37.179305619083785  maxlinkdim=1300 maxerr=1.15E-05 time=45.069
After sweep 21 energy=-37.17939533514762  maxlinkdim=1400 maxerr=8.99E-06 time=50.016
After sweep 22 energy=-37.179460069555425  maxlinkdim=1500 maxerr=7.41E-06 time=56.556
After sweep 23 energy=-37.17950685641954  maxlinkdim=1600 maxerr=6.17E-06 time=64.408
After sweep 24 energy=-37.179542081319994  maxlinkdim=1700 maxerr=5.19E-06 time=70.634
After sweep 25 energy=-37.17957014918905  maxlinkdim=1800 maxerr=4.36E-06 time=79.328
After sweep 26 energy=-37.17959159259447  maxlinkdim=1900 maxerr=3.69E-06 time=85.770
After sweep 27 energy=-37.17960903873813  maxlinkdim=2000 maxerr=3.12E-06 time=95.988
After sweep 28 energy=-37.17960903734524  maxlinkdim=2000 maxerr=3.14E-06 time=99.011
After sweep 29 energy=-37.179609067706664  maxlinkdim=2000 maxerr=3.14E-06 time=99.461
After sweep 30 energy=-37.179609067633564  maxlinkdim=2000 maxerr=3.14E-06 time=97.848
Finished calculating correlation func. Starting to calculate spingap
After sweep 1 energy=-29.33637605053692  maxlinkdim=10 maxerr=1.58E-02 time=2.755
After sweep 2 energy=-33.018700769794364  maxlinkdim=20 maxerr=5.62E-03 time=3.698
After sweep 3 energy=-35.37156105650379  maxlinkdim=40 maxerr=7.80E-03 time=4.794
After sweep 4 energy=-36.18207458071318  maxlinkdim=75 maxerr=1.43E-03 time=6.300
After sweep 5 energy=-36.43646513089356  maxlinkdim=100 maxerr=1.30E-03 time=6.716
After sweep 6 energy=-36.64980052232147  maxlinkdim=150 maxerr=7.54E-04 time=6.799
After sweep 7 energy=-36.738786244207915  maxlinkdim=200 maxerr=5.59E-04 time=8.371
After sweep 8 energy=-36.76907128645615  maxlinkdim=250 maxerr=3.77E-04 time=8.700
After sweep 9 energy=-36.780615432953  maxlinkdim=300 maxerr=2.73E-04 time=9.595
After sweep 10 energy=-36.7871675119714  maxlinkdim=350 maxerr=2.12E-04 time=10.888
After sweep 11 energy=-36.79126968625049  maxlinkdim=400 maxerr=1.71E-04 time=11.692
After sweep 12 energy=-36.79587013603465  maxlinkdim=500 maxerr=1.10E-04 time=13.774
After sweep 13 energy=-36.79809525186739  maxlinkdim=600 maxerr=7.41E-05 time=14.932
After sweep 14 energy=-36.79929906226711  maxlinkdim=700 maxerr=5.32E-05 time=17.023
After sweep 15 energy=-36.80003397470311  maxlinkdim=800 maxerr=3.89E-05 time=20.363
After sweep 16 energy=-36.80049966725261  maxlinkdim=900 maxerr=2.94E-05 time=23.060
After sweep 17 energy=-36.80081752510763  maxlinkdim=1000 maxerr=2.26E-05 time=29.143
After sweep 18 energy=-36.80103273828092  maxlinkdim=1100 maxerr=1.77E-05 time=31.495
After sweep 19 energy=-36.8011833352776  maxlinkdim=1200 maxerr=1.39E-05 time=37.551
After sweep 20 energy=-36.80128861737094  maxlinkdim=1300 maxerr=1.11E-05 time=46.612
After sweep 21 energy=-36.801365777958864  maxlinkdim=1400 maxerr=8.90E-06 time=49.151
After sweep 22 energy=-36.80142399901834  maxlinkdim=1500 maxerr=7.18E-06 time=57.887
After sweep 23 energy=-36.80146835407909  maxlinkdim=1600 maxerr=5.82E-06 time=64.284
After sweep 24 energy=-36.80150210972617  maxlinkdim=1700 maxerr=4.77E-06 time=70.481
After sweep 25 energy=-36.80152810059902  maxlinkdim=1800 maxerr=3.94E-06 time=77.971
After sweep 26 energy=-36.80154874868127  maxlinkdim=1900 maxerr=3.26E-06 time=89.211
After sweep 27 energy=-36.80156506751349  maxlinkdim=2000 maxerr=2.72E-06 time=96.838
After sweep 28 energy=-36.801565078895685  maxlinkdim=2000 maxerr=2.74E-06 time=99.516
After sweep 29 energy=-36.801565081903874  maxlinkdim=2000 maxerr=2.74E-06 time=98.989
After sweep 30 energy=-36.80156508155223  maxlinkdim=2000 maxerr=2.74E-06 time=97.550
J = 2.55
After sweep 1 energy=-31.261952230382022  maxlinkdim=10 maxerr=1.92E-02 time=2.621
After sweep 2 energy=-34.06561211987447  maxlinkdim=20 maxerr=1.15E-02 time=4.032
After sweep 3 energy=-35.723499204508435  maxlinkdim=40 maxerr=5.23E-03 time=4.022
After sweep 4 energy=-36.69579000536295  maxlinkdim=75 maxerr=1.85E-03 time=5.784
After sweep 5 energy=-37.2851201520918  maxlinkdim=100 maxerr=1.84E-03 time=5.773
After sweep 6 energy=-37.56424025850312  maxlinkdim=150 maxerr=9.01E-04 time=6.377
After sweep 7 energy=-37.63407082085362  maxlinkdim=200 maxerr=5.56E-04 time=7.108
After sweep 8 energy=-37.66101455755767  maxlinkdim=250 maxerr=4.02E-04 time=8.355
After sweep 9 energy=-37.673313650704074  maxlinkdim=300 maxerr=3.54E-04 time=8.920
After sweep 10 energy=-37.68036213476165  maxlinkdim=350 maxerr=2.86E-04 time=10.834
After sweep 11 energy=-37.68460786515093  maxlinkdim=400 maxerr=2.21E-04 time=11.261
After sweep 12 energy=-37.68909769760182  maxlinkdim=500 maxerr=1.59E-04 time=12.801
After sweep 13 energy=-37.69151772673046  maxlinkdim=600 maxerr=1.18E-04 time=15.158
After sweep 14 energy=-37.693056595866736  maxlinkdim=700 maxerr=8.07E-05 time=17.772
After sweep 15 energy=-37.69402496168002  maxlinkdim=800 maxerr=5.49E-05 time=20.029
After sweep 16 energy=-37.69464424184798  maxlinkdim=900 maxerr=3.72E-05 time=23.073
After sweep 17 energy=-37.69504533335278  maxlinkdim=1000 maxerr=2.70E-05 time=27.328
After sweep 18 energy=-37.69532007342412  maxlinkdim=1100 maxerr=2.02E-05 time=33.249
After sweep 19 energy=-37.695504496152815  maxlinkdim=1200 maxerr=1.55E-05 time=39.011
After sweep 20 energy=-37.69563804126559  maxlinkdim=1300 maxerr=1.20E-05 time=44.230
After sweep 21 energy=-37.69573029058322  maxlinkdim=1400 maxerr=9.34E-06 time=52.001
After sweep 22 energy=-37.69579851088823  maxlinkdim=1500 maxerr=7.63E-06 time=59.820
After sweep 23 energy=-37.695846921950036  maxlinkdim=1600 maxerr=6.39E-06 time=62.951
After sweep 24 energy=-37.695883513782945  maxlinkdim=1700 maxerr=5.38E-06 time=69.009
After sweep 25 energy=-37.69591211891266  maxlinkdim=1800 maxerr=4.56E-06 time=78.686
After sweep 26 energy=-37.6959346796464  maxlinkdim=1900 maxerr=3.86E-06 time=88.901
After sweep 27 energy=-37.6959527511004  maxlinkdim=2000 maxerr=3.26E-06 time=96.235
After sweep 28 energy=-37.69595289399395  maxlinkdim=2000 maxerr=3.28E-06 time=96.431
After sweep 29 energy=-37.69595284437928  maxlinkdim=2000 maxerr=3.28E-06 time=99.318
After sweep 30 energy=-37.69595286974743  maxlinkdim=2000 maxerr=3.28E-06 time=97.313
Finished calculating correlation func. Starting to calculate spingap
After sweep 1 energy=-30.98413921747724  maxlinkdim=10 maxerr=9.68E-03 time=2.793
After sweep 2 energy=-34.03469993734669  maxlinkdim=20 maxerr=1.67E-02 time=3.450
After sweep 3 energy=-36.02553679972271  maxlinkdim=40 maxerr=4.61E-03 time=4.441
After sweep 4 energy=-36.7667975311454  maxlinkdim=75 maxerr=3.22E-03 time=6.421
After sweep 5 energy=-37.02610548791377  maxlinkdim=100 maxerr=1.63E-03 time=6.301
After sweep 6 energy=-37.168012097614074  maxlinkdim=150 maxerr=1.07E-03 time=6.232
After sweep 7 energy=-37.2364094218039  maxlinkdim=200 maxerr=6.23E-04 time=7.522
After sweep 8 energy=-37.26284585838439  maxlinkdim=250 maxerr=3.81E-04 time=8.557
After sweep 9 energy=-37.27380014471306  maxlinkdim=300 maxerr=2.77E-04 time=9.915
After sweep 10 energy=-37.28028982226327  maxlinkdim=350 maxerr=2.17E-04 time=10.211
After sweep 11 energy=-37.28445903787661  maxlinkdim=400 maxerr=1.75E-04 time=11.831
After sweep 12 energy=-37.289186552579764  maxlinkdim=500 maxerr=1.15E-04 time=14.547
After sweep 13 energy=-37.29150061003742  maxlinkdim=600 maxerr=7.73E-05 time=14.766
After sweep 14 energy=-37.29276119066272  maxlinkdim=700 maxerr=5.67E-05 time=17.858
After sweep 15 energy=-37.293531916179745  maxlinkdim=800 maxerr=4.14E-05 time=20.038
After sweep 16 energy=-37.29402273906019  maxlinkdim=900 maxerr=3.13E-05 time=23.734
After sweep 17 energy=-37.29435601744566  maxlinkdim=1000 maxerr=2.40E-05 time=28.864
After sweep 18 energy=-37.29458430416075  maxlinkdim=1100 maxerr=1.89E-05 time=35.082
After sweep 19 energy=-37.29474459731236  maxlinkdim=1200 maxerr=1.49E-05 time=39.024
After sweep 20 energy=-37.29485744962463  maxlinkdim=1300 maxerr=1.19E-05 time=42.463
After sweep 21 energy=-37.29493888899217  maxlinkdim=1400 maxerr=9.58E-06 time=50.626
After sweep 22 energy=-37.295001559618115  maxlinkdim=1500 maxerr=7.74E-06 time=57.337
After sweep 23 energy=-37.29504888786128  maxlinkdim=1600 maxerr=6.28E-06 time=61.006
After sweep 24 energy=-37.295084922363586  maxlinkdim=1700 maxerr=5.16E-06 time=72.204
After sweep 25 energy=-37.29511293609083  maxlinkdim=1800 maxerr=4.26E-06 time=80.065
After sweep 26 energy=-37.2951350636048  maxlinkdim=1900 maxerr=3.53E-06 time=89.134
After sweep 27 energy=-37.29515263802787  maxlinkdim=2000 maxerr=2.95E-06 time=94.172
After sweep 28 energy=-37.29515275298526  maxlinkdim=2000 maxerr=2.96E-06 time=97.438
After sweep 29 energy=-37.2951527516054  maxlinkdim=2000 maxerr=2.97E-06 time=101.553
After sweep 30 energy=-37.29515275110541  maxlinkdim=2000 maxerr=2.97E-06 time=102.545
J = 3.0
After sweep 1 energy=-31.04563463109013  maxlinkdim=10 maxerr=1.31E-02 time=3.597
After sweep 2 energy=-35.772488328888045  maxlinkdim=20 maxerr=6.99E-03 time=4.782
After sweep 3 energy=-37.81762037142572  maxlinkdim=40 maxerr=6.60E-03 time=6.331
After sweep 4 energy=-39.05886933487699  maxlinkdim=75 maxerr=1.76E-03 time=8.107
After sweep 5 energy=-39.729255594620014  maxlinkdim=100 maxerr=1.36E-03 time=6.225
After sweep 6 energy=-40.03035162475551  maxlinkdim=150 maxerr=8.29E-04 time=6.195
After sweep 7 energy=-40.097519727468274  maxlinkdim=200 maxerr=7.64E-04 time=7.067
After sweep 8 energy=-40.12468885412775  maxlinkdim=250 maxerr=5.40E-04 time=8.635
After sweep 9 energy=-40.137733664440844  maxlinkdim=300 maxerr=4.12E-04 time=12.028
After sweep 10 energy=-40.14551754446054  maxlinkdim=350 maxerr=3.14E-04 time=11.605
After sweep 11 energy=-40.150123728497455  maxlinkdim=400 maxerr=2.57E-04 time=13.072
After sweep 12 energy=-40.15527811456166  maxlinkdim=500 maxerr=1.76E-04 time=12.506
After sweep 13 energy=-40.158115564841744  maxlinkdim=600 maxerr=1.29E-04 time=16.440
After sweep 14 energy=-40.15983284207937  maxlinkdim=700 maxerr=8.93E-05 time=17.590
After sweep 15 energy=-40.160878728524644  maxlinkdim=800 maxerr=6.29E-05 time=19.909
After sweep 16 energy=-40.161542378796206  maxlinkdim=900 maxerr=4.44E-05 time=28.351
After sweep 17 energy=-40.16197862440433  maxlinkdim=1000 maxerr=3.20E-05 time=28.165
After sweep 18 energy=-40.16228914005532  maxlinkdim=1100 maxerr=2.32E-05 time=34.328
After sweep 19 energy=-40.16249407871804  maxlinkdim=1200 maxerr=1.75E-05 time=42.715
After sweep 20 energy=-40.162637398068725  maxlinkdim=1300 maxerr=1.35E-05 time=42.043
After sweep 21 energy=-40.16273805765689  maxlinkdim=1400 maxerr=1.08E-05 time=53.733
After sweep 22 energy=-40.16281264786203  maxlinkdim=1500 maxerr=8.69E-06 time=60.214
After sweep 23 energy=-40.16287011152267  maxlinkdim=1600 maxerr=7.14E-06 time=72.846
After sweep 24 energy=-40.16291157663841  maxlinkdim=1700 maxerr=5.99E-06 time=80.629
After sweep 25 energy=-40.162942966429966  maxlinkdim=1800 maxerr=5.07E-06 time=80.190
After sweep 26 energy=-40.16296801079668  maxlinkdim=1900 maxerr=4.29E-06 time=87.835
After sweep 27 energy=-40.16298807593453  maxlinkdim=2000 maxerr=3.69E-06 time=98.329
After sweep 28 energy=-40.162988057054065  maxlinkdim=2000 maxerr=3.71E-06 time=100.272
After sweep 29 energy=-40.16298802302778  maxlinkdim=2000 maxerr=3.71E-06 time=99.835
After sweep 30 energy=-40.1629880204785  maxlinkdim=2000 maxerr=3.71E-06 time=99.469
Finished calculating correlation func. Starting to calculate spingap
After sweep 1 energy=-31.72993571494817  maxlinkdim=10 maxerr=5.60E-03 time=3.773
After sweep 2 energy=-36.26416933551054  maxlinkdim=20 maxerr=2.30E-03 time=3.589
After sweep 3 energy=-37.670335330768424  maxlinkdim=40 maxerr=4.34E-03 time=5.609
After sweep 4 energy=-38.7806235611299  maxlinkdim=75 maxerr=1.68E-03 time=4.861
After sweep 5 energy=-39.1425789059911  maxlinkdim=100 maxerr=1.67E-03 time=5.611
After sweep 6 energy=-39.42710017707798  maxlinkdim=150 maxerr=8.16E-04 time=10.358
After sweep 7 energy=-39.5706199317792  maxlinkdim=200 maxerr=6.44E-04 time=10.722
After sweep 8 energy=-39.60533343259632  maxlinkdim=250 maxerr=4.27E-04 time=8.794
After sweep 9 energy=-39.61776575468919  maxlinkdim=300 maxerr=3.07E-04 time=9.636
After sweep 10 energy=-39.62479188103133  maxlinkdim=350 maxerr=2.44E-04 time=13.914
After sweep 11 energy=-39.629332293961134  maxlinkdim=400 maxerr=1.95E-04 time=13.487
After sweep 12 energy=-39.63448222801636  maxlinkdim=500 maxerr=1.29E-04 time=13.826
After sweep 13 energy=-39.637080366463856  maxlinkdim=600 maxerr=9.16E-05 time=17.737
After sweep 14 energy=-39.63854219345572  maxlinkdim=700 maxerr=6.72E-05 time=17.289
After sweep 15 energy=-39.63945191180569  maxlinkdim=800 maxerr=4.99E-05 time=21.499
After sweep 16 energy=-39.640031700805274  maxlinkdim=900 maxerr=3.80E-05 time=29.879
After sweep 17 energy=-39.640418631678216  maxlinkdim=1000 maxerr=2.93E-05 time=30.849
After sweep 18 energy=-39.64068758303855  maxlinkdim=1100 maxerr=2.32E-05 time=37.417
After sweep 19 energy=-39.64088019143748  maxlinkdim=1200 maxerr=1.84E-05 time=39.220
After sweep 20 energy=-39.64101775941408  maxlinkdim=1300 maxerr=1.48E-05 time=48.011
After sweep 21 energy=-39.641119964930425  maxlinkdim=1400 maxerr=1.20E-05 time=62.334
After sweep 22 energy=-39.641196680474415  maxlinkdim=1500 maxerr=9.70E-06 time=54.518
After sweep 23 energy=-39.641254666581396  maxlinkdim=1600 maxerr=7.96E-06 time=72.620
After sweep 24 energy=-39.64129915928833  maxlinkdim=1700 maxerr=6.55E-06 time=72.856
After sweep 25 energy=-39.641334549453546  maxlinkdim=1800 maxerr=5.44E-06 time=78.710
After sweep 26 energy=-39.641362665581376  maxlinkdim=1900 maxerr=4.52E-06 time=100.234
After sweep 27 energy=-39.64138517000756  maxlinkdim=2000 maxerr=3.79E-06 time=114.023
After sweep 28 energy=-39.641385280824075  maxlinkdim=2000 maxerr=3.82E-06 time=158.776
After sweep 29 energy=-39.64138526944815  maxlinkdim=2000 maxerr=3.82E-06 time=167.296
After sweep 30 energy=-39.64138527542086  maxlinkdim=2000 maxerr=3.82E-06 time=158.575
J = 3.5
After sweep 1 energy=-35.448486480738325  maxlinkdim=10 maxerr=1.44E-02 time=8.654
After sweep 2 energy=-39.33786828964772  maxlinkdim=20 maxerr=1.67E-02 time=9.271
After sweep 3 energy=-41.61568765548802  maxlinkdim=40 maxerr=5.95E-03 time=6.151
After sweep 4 energy=-42.57947063844146  maxlinkdim=75 maxerr=3.39E-03 time=5.056
After sweep 5 energy=-42.82454967483197  maxlinkdim=100 maxerr=1.85E-03 time=6.253
After sweep 6 energy=-42.988775084791875  maxlinkdim=150 maxerr=9.41E-04 time=6.387
After sweep 7 energy=-43.055087557491774  maxlinkdim=200 maxerr=9.25E-04 time=6.731
After sweep 8 energy=-43.09023353030668  maxlinkdim=250 maxerr=6.86E-04 time=7.869
After sweep 9 energy=-43.10969161723192  maxlinkdim=300 maxerr=4.80E-04 time=8.688
After sweep 10 energy=-43.119520264866296  maxlinkdim=350 maxerr=3.49E-04 time=10.077
After sweep 11 energy=-43.12492371251374  maxlinkdim=400 maxerr=2.88E-04 time=9.837
After sweep 12 energy=-43.13111513171922  maxlinkdim=500 maxerr=2.01E-04 time=11.415
After sweep 13 energy=-43.134469425600415  maxlinkdim=600 maxerr=1.50E-04 time=12.500
After sweep 14 energy=-43.13651694589745  maxlinkdim=700 maxerr=1.02E-04 time=15.537
After sweep 15 energy=-43.1377645175523  maxlinkdim=800 maxerr=7.20E-05 time=20.481
After sweep 16 energy=-43.13853586759654  maxlinkdim=900 maxerr=5.28E-05 time=21.816
After sweep 17 energy=-43.139033483343674  maxlinkdim=1000 maxerr=3.90E-05 time=25.399
After sweep 18 energy=-43.13937695780487  maxlinkdim=1100 maxerr=2.85E-05 time=31.475
After sweep 19 energy=-43.13961178697848  maxlinkdim=1200 maxerr=2.13E-05 time=34.358
After sweep 20 energy=-43.13978277004539  maxlinkdim=1300 maxerr=1.66E-05 time=40.303
After sweep 21 energy=-43.139905440830354  maxlinkdim=1400 maxerr=1.32E-05 time=47.113
After sweep 22 energy=-43.13999296414403  maxlinkdim=1500 maxerr=1.05E-05 time=77.066
After sweep 23 energy=-43.14005784808383  maxlinkdim=1600 maxerr=8.59E-06 time=112.110
After sweep 24 energy=-43.140106703575924  maxlinkdim=1700 maxerr=7.16E-06 time=108.542
After sweep 25 energy=-43.140144423773144  maxlinkdim=1800 maxerr=6.00E-06 time=129.374
After sweep 26 energy=-43.1401747502063  maxlinkdim=1900 maxerr=5.03E-06 time=122.471
After sweep 27 energy=-43.14019869351494  maxlinkdim=2000 maxerr=4.28E-06 time=91.310
After sweep 28 energy=-43.14019883942614  maxlinkdim=2000 maxerr=4.30E-06 time=89.987
After sweep 29 energy=-43.14019882547623  maxlinkdim=2000 maxerr=4.30E-06 time=93.095
After sweep 30 energy=-43.14019882981687  maxlinkdim=2000 maxerr=4.30E-06 time=92.245
Finished calculating correlation func. Starting to calculate spingap
After sweep 1 energy=-33.53856356207414  maxlinkdim=10 maxerr=8.68E-03 time=2.569
After sweep 2 energy=-37.18947283324892  maxlinkdim=20 maxerr=1.30E-02 time=3.274
After sweep 3 energy=-40.15499484838524  maxlinkdim=40 maxerr=9.34E-03 time=3.896
After sweep 4 energy=-41.30643095639395  maxlinkdim=75 maxerr=4.30E-03 time=5.436
After sweep 5 energy=-41.611562364700646  maxlinkdim=100 maxerr=3.35E-03 time=6.072
After sweep 6 energy=-41.855473328713536  maxlinkdim=150 maxerr=1.27E-03 time=6.252
After sweep 7 energy=-42.08243437931604  maxlinkdim=200 maxerr=8.81E-04 time=7.154
After sweep 8 energy=-42.38150255037841  maxlinkdim=250 maxerr=4.75E-04 time=7.396
After sweep 9 energy=-42.4292678320247  maxlinkdim=300 maxerr=3.49E-04 time=8.076
After sweep 10 energy=-42.43894055116361  maxlinkdim=350 maxerr=2.79E-04 time=8.596
After sweep 11 energy=-42.444090284239245  maxlinkdim=400 maxerr=2.25E-04 time=9.518
After sweep 12 energy=-42.44965906148579  maxlinkdim=500 maxerr=1.47E-04 time=11.169
After sweep 13 energy=-42.45249976034544  maxlinkdim=600 maxerr=1.08E-04 time=12.810
After sweep 14 energy=-42.454176757828186  maxlinkdim=700 maxerr=7.94E-05 time=15.344
After sweep 15 energy=-42.45521237008987  maxlinkdim=800 maxerr=5.94E-05 time=17.707
After sweep 16 energy=-42.455884442810515  maxlinkdim=900 maxerr=4.50E-05 time=22.054
After sweep 17 energy=-42.45633415405408  maxlinkdim=1000 maxerr=3.50E-05 time=26.172
After sweep 18 energy=-42.45664852511992  maxlinkdim=1100 maxerr=2.77E-05 time=31.212
After sweep 19 energy=-42.45687181271497  maxlinkdim=1200 maxerr=2.19E-05 time=36.273
After sweep 20 energy=-42.45703389534398  maxlinkdim=1300 maxerr=1.76E-05 time=40.043
After sweep 21 energy=-42.457155979759655  maxlinkdim=1400 maxerr=1.42E-05 time=46.260
After sweep 22 energy=-42.45724609854046  maxlinkdim=1500 maxerr=1.16E-05 time=53.235
After sweep 23 energy=-42.45731590001688  maxlinkdim=1600 maxerr=9.48E-06 time=60.289
After sweep 24 energy=-42.457369552476266  maxlinkdim=1700 maxerr=7.84E-06 time=67.363
After sweep 25 energy=-42.4574121494137  maxlinkdim=1800 maxerr=6.51E-06 time=75.913
After sweep 26 energy=-42.45744634285034  maxlinkdim=1900 maxerr=5.45E-06 time=83.772
After sweep 27 energy=-42.45747327667403  maxlinkdim=2000 maxerr=4.60E-06 time=91.357
After sweep 28 energy=-42.45747329241769  maxlinkdim=2000 maxerr=4.62E-06 time=94.183
After sweep 29 energy=-42.45747328638812  maxlinkdim=2000 maxerr=4.63E-06 time=93.951
After sweep 30 energy=-42.45747328464431  maxlinkdim=2000 maxerr=4.63E-06 time=93.775



